<report>
  <data>
    <data-source>
      <records>
        <record>
          <code>001</code>
          <name>Name 001</name>
        </record>
        <record>
          <code>002</code>
          <name>Name 002</name>
        </record>
      </records>
    </data-source>
  </data>
  <field name="code" cols="2"/>
  <field name="name" cols="10"/>
</report>